#
# There is insufficient memory for the Java Runtime Environment to continue.
# Native memory allocation (mmap) failed to map 4161536 bytes for G1 virtual space
# Possible reasons:
#   The system is out of physical RAM or swap space
#   The process is running with CompressedOops enabled, and the Java Heap may be blocking the growth of the native heap
# Possible solutions:
#   Reduce memory load on the system
#   Increase physical memory or swap space
#   Check if swap backing store is full
#   Decrease Java heap size (-Xmx/-Xms)
#   Decrease number of Java threads
#   Decrease Java thread stack sizes (-Xss)
#   Set larger code cache with -XX:ReservedCodeCacheSize=
#   JVM is running with Zero Based Compressed Oops mode in which the Java heap is
#     placed in the first 32GB address space. The Java Heap base address is the
#     maximum limit for the native heap growth. Please use -XX:HeapBaseMinAddress
#     to set the Java Heap base and to place the Java Heap above 32GB virtual address.
# This output file may be truncated or incomplete.
#
#  Out of Memory Error (./open/src/hotspot/os/windows/os_windows.cpp:3472), pid=2792, tid=9028
#
# JRE version:  (15.0.1+9) (build )
# Java VM: OpenJDK 64-Bit Server VM (15.0.1+9-18, mixed mode, sharing, tiered, compressed oops, g1 gc, windows-amd64)
# No core dump will be written. Minidumps are not enabled by default on client versions of Windows
#

---------------  S U M M A R Y ------------

Command Line: -Dfile.encoding=UTF-8 -XX:+ShowCodeDetailsInExceptionMessages desafioecommerce.TesteMain

Host: Intel(R) Core(TM) i7-8750H CPU @ 2.20GHz, 12 cores, 15G,  Windows 10 , 64 bit Build 19041 (10.0.19041.662)
Time: Mon Feb  8 15:26:03 2021 Hora oficial do Brasil elapsed time: 0.119476 seconds (0d 0h 0m 0s)

---------------  T H R E A D  ---------------

Current thread (0x000001e532b3bab0):  JavaThread "Unknown thread" [_thread_in_vm, id=9028, stack(0x000000c75da00000,0x000000c75db00000)]

Stack: [0x000000c75da00000,0x000000c75db00000]
Native frames: (J=compiled Java code, j=interpreted, Vv=VM code, C=native code)
V  [jvm.dll+0x62ae9a]
V  [jvm.dll+0x781389]
V  [jvm.dll+0x782ae3]
V  [jvm.dll+0x783143]
V  [jvm.dll+0x216265]
V  [jvm.dll+0x6281d9]
V  [jvm.dll+0x61cd15]
V  [jvm.dll+0x2d01fd]
V  [jvm.dll+0x2d0062]
V  [jvm.dll+0x2d603c]
V  [jvm.dll+0x325b53]
V  [jvm.dll+0x3251f4]
V  [jvm.dll+0x2a717a]
V  [jvm.dll+0x2a8318]
V  [jvm.dll+0x75e101]
V  [jvm.dll+0x3343e4]
V  [jvm.dll+0x73e826]
V  [jvm.dll+0x3b7777]
V  [jvm.dll+0x3b9201]
C  [jli.dll+0x52fb]
C  [ucrtbase.dll+0x214c2]
C  [KERNEL32.DLL+0x17034]
C  [ntdll.dll+0x4d0d1]


---------------  P R O C E S S  ---------------

Threads class SMR info:
_java_thread_list=0x00007ffce0454ff0, length=0, elements={
}

Java Threads: ( => current thread )

Other Threads:
  0x000001e532b8b850 GCTaskThread "GC Thread#0" [stack: 0x000000c75db00000,0x000000c75dc00000] [id=15012]
  0x000001e532b9de80 ConcurrentGCThread "G1 Main Marker" [stack: 0x000000c75dc00000,0x000000c75dd00000] [id=9260]
  0x000001e532b9f990 ConcurrentGCThread "G1 Conc#0" [stack: 0x000000c75dd00000,0x000000c75de00000] [id=12996]

[error occurred during error reporting (printing all threads), id 0xc0000005, EXCEPTION_ACCESS_VIOLATION (0xc0000005) at pc=0x00007ffcdfc48047]

VM state: not at safepoint (not fully initialized)

VM Mutex/Monitor currently owned by a thread:  ([mutex/lock_event])
[0x000001e532b36890] Heap_lock - owner thread: 0x000001e532b3bab0

Heap address: 0x0000000702600000, size: 4058 MB, Compressed Oops mode: Zero based, Oop shift amount: 3
CDS archive(s) mapped at: [0x0000000000000000-0x0000000000000000-0x0000000000000000), size 0, SharedBaseAddress: 0x0000000800000000, ArchiveRelocationMode: 0.
Narrow klass base: 0x0000000000000000, Narrow klass shift: 0, Narrow klass range: 0x0

Heap:
 garbage-first heap   total 260096K, used 0K [0x0000000702600000, 0x0000000800000000)
  region size 2048K, 0 young (0K), 0 survivors (0K)
 Metaspace       used 0K, capacity 0K, committed 0K, reserved 0K
  class space    used 0K, capacity 0K, committed 0K, reserved 0K

Heap Regions: E=young(eden), S=young(survivor), O=old, HS=humongous(starts), HC=humongous(continues), CS=collection set, F=free, OA=open archive, CA=closed archive, TAMS=top-at-mark-start (previous, next)

Card table byte_map: [0x000001e5481f0000,0x000001e5489e0000] _byte_map_base: 0x000001e5449dd000

Marking Bits (Prev, Next): (CMBitMap*) 0x000001e532b8bfe0, (CMBitMap*) 0x000001e532b8c020
 Prev Bits: [0x000001e5491d0000, 0x000001e54d138000)
 Next Bits: [0x000001e54d140000, 0x000001e5510a8000)

GC Heap History (0 events):
No events

Deoptimization events (0 events):
No events

Classes unloaded (0 events):
No events

Classes redefined (0 events):
No events

Internal exceptions (0 events):
No events

Events (1 events):
Event: 0.010 Loaded shared library C:\Users\Alons\.p2\pool\plugins\org.eclipse.justj.openjdk.hotspot.jre.full.win32.x86_64_15.0.1.v20201027-0507\jre\bin\java.dll


Dynamic libraries:
0x00007ff77e8a0000 - 0x00007ff77e8ad000 	C:\Users\Alons\.p2\pool\plugins\org.eclipse.justj.openjdk.hotspot.jre.full.win32.x86_64_15.0.1.v20201027-0507\jre\bin\javaw.exe
0x00007ffd6ff90000 - 0x00007ffd70186000 	C:\Windows\SYSTEM32\ntdll.dll
0x00007ffd6e1c0000 - 0x00007ffd6e27d000 	C:\Windows\System32\KERNEL32.DLL
0x00007ffd6dbf0000 - 0x00007ffd6deb9000 	C:\Windows\System32\KERNELBASE.dll
0x00007ffd0f8a0000 - 0x00007ffd0f955000 	C:\Program Files\Bitdefender Antivirus Free\bdhkm\265012626640000000\bdhkm64.dll
0x00007ffd0f7b0000 - 0x00007ffd0f89d000 	C:\Program Files\Bitdefender Antivirus Free\atcuf\265040053125032704\atcuf64.dll
0x00007ffd6daf0000 - 0x00007ffd6dbf0000 	C:\Windows\System32\ucrtbase.dll
0x00007ffd665d0000 - 0x00007ffd665e8000 	C:\Users\Alons\.p2\pool\plugins\org.eclipse.justj.openjdk.hotspot.jre.full.win32.x86_64_15.0.1.v20201027-0507\jre\bin\jli.dll
0x00007ffd6e490000 - 0x00007ffd6e630000 	C:\Windows\System32\USER32.dll
0x00007ffd6df60000 - 0x00007ffd6df82000 	C:\Windows\System32\win32u.dll
0x00007ffd6e340000 - 0x00007ffd6e36a000 	C:\Windows\System32\GDI32.dll
0x00007ffd6d800000 - 0x00007ffd6d90b000 	C:\Windows\System32\gdi32full.dll
0x00007ffd6dec0000 - 0x00007ffd6df5d000 	C:\Windows\System32\msvcp_win.dll
0x00007ffd45d50000 - 0x00007ffd45d69000 	C:\Users\Alons\.p2\pool\plugins\org.eclipse.justj.openjdk.hotspot.jre.full.win32.x86_64_15.0.1.v20201027-0507\jre\bin\VCRUNTIME140.dll
0x00007ffd54fc0000 - 0x00007ffd5525b000 	C:\Windows\WinSxS\amd64_microsoft.windows.common-controls_6595b64144ccf1df_6.0.19041.746_none_ca02b4b61b8320a4\COMCTL32.dll
0x00007ffd6dff0000 - 0x00007ffd6e08e000 	C:\Windows\System32\msvcrt.dll
0x00007ffd6e630000 - 0x00007ffd6e660000 	C:\Windows\System32\IMM32.DLL
0x00007ffd66600000 - 0x00007ffd6660c000 	C:\Users\Alons\.p2\pool\plugins\org.eclipse.justj.openjdk.hotspot.jre.full.win32.x86_64_15.0.1.v20201027-0507\jre\bin\vcruntime140_1.dll
0x00007ffd37c40000 - 0x00007ffd37cd1000 	C:\Users\Alons\.p2\pool\plugins\org.eclipse.justj.openjdk.hotspot.jre.full.win32.x86_64_15.0.1.v20201027-0507\jre\bin\msvcp140.dll
0x00007ffcdf990000 - 0x00007ffce04ee000 	C:\Users\Alons\.p2\pool\plugins\org.eclipse.justj.openjdk.hotspot.jre.full.win32.x86_64_15.0.1.v20201027-0507\jre\bin\server\jvm.dll
0x00007ffd6e660000 - 0x00007ffd6e70c000 	C:\Windows\System32\ADVAPI32.dll
0x00007ffd6feb0000 - 0x00007ffd6ff4c000 	C:\Windows\System32\sechost.dll
0x00007ffd6e090000 - 0x00007ffd6e1bb000 	C:\Windows\System32\RPCRT4.dll
0x00007ffd6e830000 - 0x00007ffd6e838000 	C:\Windows\System32\PSAPI.DLL
0x00007ffd67f60000 - 0x00007ffd67f69000 	C:\Windows\SYSTEM32\WSOCK32.dll
0x00007ffd6f0c0000 - 0x00007ffd6f12b000 	C:\Windows\System32\WS2_32.dll
0x00007ffd5e410000 - 0x00007ffd5e437000 	C:\Windows\SYSTEM32\WINMM.dll
0x00007ffd67080000 - 0x00007ffd6708a000 	C:\Windows\SYSTEM32\VERSION.dll
0x00007ffd6b630000 - 0x00007ffd6b642000 	C:\Windows\SYSTEM32\kernel.appcore.dll
0x00007ffd67d10000 - 0x00007ffd67d1a000 	C:\Users\Alons\.p2\pool\plugins\org.eclipse.justj.openjdk.hotspot.jre.full.win32.x86_64_15.0.1.v20201027-0507\jre\bin\jimage.dll
0x00007ffd5af10000 - 0x00007ffd5b0f4000 	C:\Windows\SYSTEM32\DBGHELP.DLL
0x00007ffd59090000 - 0x00007ffd590bc000 	C:\Windows\SYSTEM32\dbgcore.DLL
0x00007ffd6d6d0000 - 0x00007ffd6d750000 	C:\Windows\System32\bcryptPrimitives.dll
0x00007ffd65ca0000 - 0x00007ffd65cc5000 	C:\Users\Alons\.p2\pool\plugins\org.eclipse.justj.openjdk.hotspot.jre.full.win32.x86_64_15.0.1.v20201027-0507\jre\bin\java.dll

dbghelp: loaded successfully - version: 4.0.5 - missing functions: none
symbol engine: initialized successfully - sym options: 0x614 - pdb path: .;C:\Users\Alons\.p2\pool\plugins\org.eclipse.justj.openjdk.hotspot.jre.full.win32.x86_64_15.0.1.v20201027-0507\jre\bin;C:\Windows\SYSTEM32;C:\Program Files\Bitdefender Antivirus Free\bdhkm\265012626640000000;C:\Program Files\Bitdefender Antivirus Free\atcuf\265040053125032704;C:\Windows\WinSxS\amd64_microsoft.windows.common-controls_6595b64144ccf1df_6.0.19041.746_none_ca02b4b61b8320a4;C:\Users\Alons\.p2\pool\plugins\org.eclipse.justj.openjdk.hotspot.jre.full.win32.x86_64_15.0.1.v20201027-0507\jre\bin\server

VM Arguments:
jvm_args: -Dfile.encoding=UTF-8 -XX:+ShowCodeDetailsInExceptionMessages 
java_command: desafioecommerce.TesteMain
java_class_path (initial): X:\GENERATION\turma16java\java\desafios\bin
Launcher Type: SUN_STANDARD

[Global flags]
     intx CICompilerCount                          = 4                                         {product} {ergonomic}
     uint ConcGCThreads                            = 3                                         {product} {ergonomic}
     uint G1ConcRefinementThreads                  = 10                                        {product} {ergonomic}
   size_t G1HeapRegionSize                         = 2097152                                   {product} {ergonomic}
    uintx GCDrainStackTargetSize                   = 64                                        {product} {ergonomic}
   size_t InitialHeapSize                          = 266338304                                 {product} {ergonomic}
   size_t MarkStackSize                            = 4194304                                   {product} {ergonomic}
   size_t MaxHeapSize                              = 4255121408                                {product} {ergonomic}
   size_t MinHeapDeltaBytes                        = 2097152                                   {product} {ergonomic}
   size_t MinHeapSize                              = 8388608                                   {product} {ergonomic}
    uintx NonNMethodCodeHeapSize                   = 5839372                                {pd product} {ergonomic}
    uintx NonProfiledCodeHeapSize                  = 122909434                              {pd product} {ergonomic}
    uintx ProfiledCodeHeapSize                     = 122909434                              {pd product} {ergonomic}
    uintx ReservedCodeCacheSize                    = 251658240                              {pd product} {ergonomic}
     bool SegmentedCodeCache                       = true                                      {product} {ergonomic}
     bool ShowCodeDetailsInExceptionMessages       = true                                   {manageable} {command line}
   size_t SoftMaxHeapSize                          = 4255121408                             {manageable} {ergonomic}
     bool UseCompressedClassPointers               = true                                 {lp64_product} {ergonomic}
     bool UseCompressedOops                        = true                                 {lp64_product} {ergonomic}
     bool UseG1GC                                  = true                                      {product} {ergonomic}
     bool UseLargePagesIndividualAllocation        = false                                  {pd product} {ergonomic}

Logging:
Log output configuration:
 #0: stdout all=warning uptime,level,tags
 #1: stderr all=off uptime,level,tags

Environment Variables:
PATH=C:/Users/Alons/.p2/pool/plugins/org.eclipse.justj.openjdk.hotspot.jre.full.win32.x86_64_15.0.1.v20201027-0507/jre/bin/server;C:/Users/Alons/.p2/pool/plugins/org.eclipse.justj.openjdk.hotspot.jre.full.win32.x86_64_15.0.1.v20201027-0507/jre/bin;C:\Program Files\Common Files\Oracle\Java\javapath;C:\Program Files (x86)\Common Files\Oracle\Java\javapath;C:\Windows\system32;C:\Windows;C:\Windows\System32\Wbem;C:\Windows\System32\WindowsPowerShell\v1.0\;C:\Windows\System32\OpenSSH\;C:\Program Files\NVIDIA Corporation\NVIDIA NvDLISR;C:\Program Files (x86)\NVIDIA Corporation\PhysX\Common;X:\Arquivos de Programas\Java\jdk\bin;C:\ProgramData\UNIVALI\Portugol Studio;X:\Arquivos de Programas\Git\cmd;C:\Users\Alons\AppData\Local\Programs\Python\Python37\Scripts\;C:\Users\Alons\AppData\Local\Programs\Python\Python37\;C:\Users\Alons\AppData\Local\Microsoft\WindowsApps;;C:\Users\Alons\OneDrive\Área de Trabalho;
USERNAME=Alons
OS=Windows_NT
PROCESSOR_IDENTIFIER=Intel64 Family 6 Model 158 Stepping 10, GenuineIntel



---------------  S Y S T E M  ---------------

OS:
 Windows 10 , 64 bit Build 19041 (10.0.19041.662)
OS uptime: 3 days 19:40 hours

CPU: total 12 (initial active 12) (6 cores per cpu, 2 threads per core) family 6 model 158 stepping 10 microcode 0xb4, cmov, cx8, fxsr, mmx, sse, sse2, sse3, ssse3, sse4.1, sse4.2, popcnt, vzeroupper, avx, avx2, aes, clmul, erms, 3dnowpref, lzcnt, ht, tsc, tscinvbit, bmi1, bmi2, adx, fma, clflush, clflushopt

Memory: 4k page, system-wide physical 16226M (5303M free)
TotalPageFile size 31411M (AvailPageFile size 7M)
current process WorkingSet (physical memory assigned to process): 11M, peak: 11M
current process commit charge ("private bytes"): 325M, peak: 329M

vm_info: OpenJDK 64-Bit Server VM (15.0.1+9-18) for windows-amd64 JRE (15.0.1+9-18), built on Sep 15 2020 14:39:31 by "mach5one" with unknown MS VC++:1925

END.
